\BOOKMARK [0][-]{chapter.1}{\376\377\000R\000e\000q\000u\000i\000r\000e\000m\000e\000n\000t\000s}{}% 1
\BOOKMARK [0][-]{chapter.2}{\376\377\000U\000s\000e\000\040\000C\000a\000s\000e\000\040\000D\000i\000a\000g\000r\000a\000m}{}% 2
\BOOKMARK [1][-]{section.2.1}{\376\377\000A\000c\000t\000o\000r\000s}{chapter.2}% 3
\BOOKMARK [2][-]{subsection.2.1.1}{\376\377\000D\000i\000a\000g\000r\000a\000m}{section.2.1}% 4
\BOOKMARK [2][-]{subsection.2.1.2}{\376\377\000P\000a\000t\000i\000e\000n\000t}{section.2.1}% 5
\BOOKMARK [2][-]{subsection.2.1.3}{\376\377\000D\000o\000c\000t\000o\000r}{section.2.1}% 6
\BOOKMARK [2][-]{subsection.2.1.4}{\376\377\000M\000e\000a\000s\000u\000r\000e\000m\000e\000n\000t\000\040\000S\000y\000s\000t\000e\000m}{section.2.1}% 7
\BOOKMARK [2][-]{subsection.2.1.5}{\376\377\000M\000e\000d\000i\000c\000a\000t\000i\000o\000n\000\040\000S\000y\000s\000t\000e\000m}{section.2.1}% 8
\BOOKMARK [2][-]{subsection.2.1.6}{\376\377\000S\000y\000m\000p\000t\000o\000m\000\040\000S\000y\000s\000t\000e\000m}{section.2.1}% 9
\BOOKMARK [2][-]{subsection.2.1.7}{\376\377\000B\000l\000o\000g}{section.2.1}% 10
\BOOKMARK [1][-]{section.2.2}{\376\377\000U\000s\000e\000\040\000C\000a\000s\000e\000s}{chapter.2}% 11
\BOOKMARK [0][-]{chapter.3}{\376\377\000U\000s\000e\000\040\000C\000a\000s\000e\000\040\000D\000e\000s\000c\000r\000i\000p\000t\000i\000o\000n}{}% 12
\BOOKMARK [1][-]{section.3.1}{\376\377\000M\000e\000a\000s\000u\000r\000e\000m\000e\000n\000t}{chapter.3}% 13
\BOOKMARK [2][-]{subsection.3.1.1}{\376\377\000L\000o\000g\000\040\000M\000e\000a\000s\000u\000r\000e\000m\000e\000n\000t}{section.3.1}% 14
\BOOKMARK [2][-]{subsection.3.1.2}{\376\377\000S\000e\000e\000\040\000M\000e\000a\000s\000u\000r\000e\000m\000e\000n\000t}{section.3.1}% 15
\BOOKMARK [1][-]{section.3.2}{\376\377\000M\000e\000d\000i\000c\000a\000t\000i\000o\000n\000s}{chapter.3}% 16
\BOOKMARK [2][-]{subsection.3.2.1}{\376\377\000L\000o\000g\000\040\000M\000e\000d\000i\000c\000a\000t\000i\000o\000n}{section.3.2}% 17
\BOOKMARK [2][-]{subsection.3.2.2}{\376\377\000S\000e\000e\000\040\000M\000e\000d\000i\000c\000a\000t\000i\000o\000n\000s}{section.3.2}% 18
\BOOKMARK [2][-]{subsection.3.2.3}{\376\377\000E\000d\000i\000t\000\040\000M\000e\000d\000i\000c\000a\000t\000i\000o\000n}{section.3.2}% 19
\BOOKMARK [2][-]{subsection.3.2.4}{\376\377\000S\000u\000g\000g\000e\000s\000t\000\040\000M\000e\000d\000i\000c\000a\000t\000i\000o\000n}{section.3.2}% 20
\BOOKMARK [1][-]{section.3.3}{\376\377\000S\000y\000m\000p\000t\000o\000m\000s}{chapter.3}% 21
\BOOKMARK [2][-]{subsection.3.3.1}{\376\377\000L\000o\000g\000\040\000S\000y\000m\000p\000t\000o\000m}{section.3.3}% 22
\BOOKMARK [2][-]{subsection.3.3.2}{\376\377\000S\000e\000e\000\040\000S\000y\000m\000p\000t\000o\000m\000s}{section.3.3}% 23
\BOOKMARK [1][-]{section.3.4}{\376\377\000B\000l\000o\000g}{chapter.3}% 24
\BOOKMARK [2][-]{subsection.3.4.1}{\376\377\000S\000e\000e\000\040\000P\000o\000s\000t}{section.3.4}% 25
\BOOKMARK [2][-]{subsection.3.4.2}{\376\377\000P\000u\000b\000l\000i\000s\000h\000\040\000P\000o\000s\000t}{section.3.4}% 26
